Build started 2/25/2015 8:49:11 AM.
     1>Project "\\tt\student$\Digipen\TT.Clint.Mucha\My Documents\Visual Studio 2010\Projects\BinarySearch\BinarySearch\BinarySearch.vcxproj" on node 2 (build target(s)).
     1>InitializeBuildStatus:
         Creating "Debug\BinarySearch.unsuccessfulbuild" because "AlwaysCreate" was specified.
       ClCompile:
         c:\Program Files (x86)\Microsoft Visual Studio 10.0\VC\bin\CL.exe /c /ZI /nologo /W3 /WX- /Od /Oy- /D WIN32 /D _DEBUG /D _CONSOLE /D _UNICODE /D UNICODE /Gm /EHsc /RTC1 /MDd /GS /fp:precise /Zc:wchar_t /Zc:forScope /Fo"Debug\\" /Fd"Debug\vc100.pdb" /Gd /TP /analyze- /errorReport:prompt "Who's_Binary.cpp"
         Who's_Binary.cpp
       ManifestResourceCompile:
         All outputs are up-to-date.
       Link:
         c:\Program Files (x86)\Microsoft Visual Studio 10.0\VC\bin\link.exe /ERRORREPORT:PROMPT /OUT:"\\tt\student$\Digipen\TT.Clint.Mucha\My Documents\Visual Studio 2010\Projects\BinarySearch\Debug\BinarySearch.exe" /INCREMENTAL /NOLOGO kernel32.lib user32.lib gdi32.lib winspool.lib comdlg32.lib advapi32.lib shell32.lib ole32.lib oleaut32.lib uuid.lib odbc32.lib odbccp32.lib /MANIFEST /ManifestFile:"Debug\BinarySearch.exe.intermediate.manifest" /MANIFESTUAC:"level='asInvoker' uiAccess='false'" /DEBUG /PDB:"\\tt\student$\Digipen\TT.Clint.Mucha\My Documents\Visual Studio 2010\Projects\BinarySearch\Debug\BinarySearch.pdb" /SUBSYSTEM:CONSOLE /TLBID:1 /DYNAMICBASE /NXCOMPAT /IMPLIB:"\\tt\student$\Digipen\TT.Clint.Mucha\My Documents\Visual Studio 2010\Projects\BinarySearch\Debug\BinarySearch.lib" /MACHINE:X86 Debug\BinarySearch.exe.embed.manifest.res
         "Debug\Who's_Binary.obj"
       Manifest:
         C:\Program Files (x86)\Microsoft SDKs\Windows\v7.0A\bin\mt.exe /nologo /verbose /out:"Debug\BinarySearch.exe.embed.manifest" /manifest Debug\BinarySearch.exe.intermediate.manifest
         All outputs are up-to-date.
       LinkEmbedManifest:
         c:\Program Files (x86)\Microsoft Visual Studio 10.0\VC\bin\link.exe /ERRORREPORT:PROMPT /OUT:"\\tt\student$\Digipen\TT.Clint.Mucha\My Documents\Visual Studio 2010\Projects\BinarySearch\Debug\BinarySearch.exe" /INCREMENTAL /NOLOGO kernel32.lib user32.lib gdi32.lib winspool.lib comdlg32.lib advapi32.lib shell32.lib ole32.lib oleaut32.lib uuid.lib odbc32.lib odbccp32.lib /MANIFEST /ManifestFile:"Debug\BinarySearch.exe.intermediate.manifest" /MANIFESTUAC:"level='asInvoker' uiAccess='false'" /DEBUG /PDB:"\\tt\student$\Digipen\TT.Clint.Mucha\My Documents\Visual Studio 2010\Projects\BinarySearch\Debug\BinarySearch.pdb" /SUBSYSTEM:CONSOLE /TLBID:1 /DYNAMICBASE /NXCOMPAT /IMPLIB:"\\tt\student$\Digipen\TT.Clint.Mucha\My Documents\Visual Studio 2010\Projects\BinarySearch\Debug\BinarySearch.lib" /MACHINE:X86 Debug\BinarySearch.exe.embed.manifest.res
         "Debug\Who's_Binary.obj"
         BinarySearch.vcxproj -> \\tt\student$\Digipen\TT.Clint.Mucha\My Documents\Visual Studio 2010\Projects\BinarySearch\Debug\BinarySearch.exe
       FinalizeBuildStatus:
         Deleting file "Debug\BinarySearch.unsuccessfulbuild".
         Touching "Debug\BinarySearch.lastbuildstate".
     1>Done Building Project "\\tt\student$\Digipen\TT.Clint.Mucha\My Documents\Visual Studio 2010\Projects\BinarySearch\BinarySearch\BinarySearch.vcxproj" (build target(s)).

Build succeeded.

Time Elapsed 00:00:01.59
